Terminals unused in grammar

   T_INT
   T_RETURN
   T_SEMIC
   T_LCURL
   T_RCURL
   T_BNOT
   T_NOT
   T_AND
   T_OR
   T_EQUAL
   T_NEQUAL
   T_LT
   T_GT
   T_LEQUAL
   T_GEQUAL
   T_BAND
   T_BOR
   T_BXOR
   T_LSHIFT
   T_RSHIFT
   T_ASSIGN
   T_AUTO
   T_BREAK
   T_CASE
   T_CHAR
   T_CONST
   T_CONTINUE
   T_DEFAULT
   T_DO
   T_DOUBLE
   T_ELSE
   T_ENUM
   T_EXTERN
   T_FLOAT
   T_FOR
   T_GOTO
   T_IF
   T_INLINE
   T_LONG
   T_REG
   T_RESTRICT
   T_SHORT
   T_SIGNED
   T_SIZEOF
   T_STATIC
   T_STRUCT
   T_SWITCH
   T_TYPEDEF
   T_UNION
   FUNCTION_NAME


Grammar

    0 $accept: ROOT $end

    1 ROOT: EXPR

    2 EXPR: TERM
    3     | EXPR T_PLUS TERM
    4     | EXPR T_MINUS TERM

    5 TERM: UNARY
    6     | TERM T_TIMES UNARY
    7     | TERM T_DIVIDE UNARY
    8     | TERM T_MOD UNARY

    9 UNARY: FACTOR
   10      | T_MINUS UNARY

   11 FACTOR: T_NUMBER
   12       | T_VARIABLE
   13       | T_LCURVE EXPR T_RCURVE


Terminals, with rules where they appear

$end (0) 0
error (256)
T_INT (258)
T_RETURN (259)
T_SEMIC (260)
T_LCURL (261)
T_RCURL (262)
T_LCURVE (263) 13
T_RCURVE (264) 13
T_BNOT (265)
T_NOT (266)
T_TIMES (267) 6
T_DIVIDE (268) 7
T_PLUS (269) 3
T_MINUS (270) 4 10
T_MOD (271) 8
T_AND (272)
T_OR (273)
T_EQUAL (274)
T_NEQUAL (275)
T_LT (276)
T_GT (277)
T_LEQUAL (278)
T_GEQUAL (279)
T_BAND (280)
T_BOR (281)
T_BXOR (282)
T_LSHIFT (283)
T_RSHIFT (284)
T_ASSIGN (285)
T_AUTO (286)
T_BREAK (287)
T_CASE (288)
T_CHAR (289)
T_CONST (290)
T_CONTINUE (291)
T_DEFAULT (292)
T_DO (293)
T_DOUBLE (294)
T_ELSE (295)
T_ENUM (296)
T_EXTERN (297)
T_FLOAT (298)
T_FOR (299)
T_GOTO (300)
T_IF (301)
T_INLINE (302)
T_LONG (303)
T_REG (304)
T_RESTRICT (305)
T_SHORT (306)
T_SIGNED (307)
T_SIZEOF (308)
T_STATIC (309)
T_STRUCT (310)
T_SWITCH (311)
T_TYPEDEF (312)
T_UNION (313)
T_VARIABLE (314) 12
T_NUMBER (315) 11
FUNCTION_NAME (316)


Nonterminals, with rules where they appear

$accept (62)
    on left: 0
ROOT (63)
    on left: 1, on right: 0
EXPR (64)
    on left: 2 3 4, on right: 1 3 4 13
TERM (65)
    on left: 5 6 7 8, on right: 2 3 4 6 7 8
UNARY (66)
    on left: 9 10, on right: 5 6 7 8 10
FACTOR (67)
    on left: 11 12 13, on right: 9


State 0

    0 $accept: . ROOT $end

    T_LCURVE    shift, and go to state 1
    T_MINUS     shift, and go to state 2
    T_VARIABLE  shift, and go to state 3
    T_NUMBER    shift, and go to state 4

    ROOT    go to state 5
    EXPR    go to state 6
    TERM    go to state 7
    UNARY   go to state 8
    FACTOR  go to state 9


State 1

   13 FACTOR: T_LCURVE . EXPR T_RCURVE

    T_LCURVE    shift, and go to state 1
    T_MINUS     shift, and go to state 2
    T_VARIABLE  shift, and go to state 3
    T_NUMBER    shift, and go to state 4

    EXPR    go to state 10
    TERM    go to state 7
    UNARY   go to state 8
    FACTOR  go to state 9


State 2

   10 UNARY: T_MINUS . UNARY

    T_LCURVE    shift, and go to state 1
    T_MINUS     shift, and go to state 2
    T_VARIABLE  shift, and go to state 3
    T_NUMBER    shift, and go to state 4

    UNARY   go to state 11
    FACTOR  go to state 9


State 3

   12 FACTOR: T_VARIABLE .

    $default  reduce using rule 12 (FACTOR)


State 4

   11 FACTOR: T_NUMBER .

    $default  reduce using rule 11 (FACTOR)


State 5

    0 $accept: ROOT . $end

    $end  shift, and go to state 12


State 6

    1 ROOT: EXPR .
    3 EXPR: EXPR . T_PLUS TERM
    4     | EXPR . T_MINUS TERM

    T_PLUS   shift, and go to state 13
    T_MINUS  shift, and go to state 14

    $default  reduce using rule 1 (ROOT)


State 7

    2 EXPR: TERM .
    6 TERM: TERM . T_TIMES UNARY
    7     | TERM . T_DIVIDE UNARY
    8     | TERM . T_MOD UNARY

    T_TIMES   shift, and go to state 15
    T_DIVIDE  shift, and go to state 16
    T_MOD     shift, and go to state 17

    $default  reduce using rule 2 (EXPR)


State 8

    5 TERM: UNARY .

    $default  reduce using rule 5 (TERM)


State 9

    9 UNARY: FACTOR .

    $default  reduce using rule 9 (UNARY)


State 10

    3 EXPR: EXPR . T_PLUS TERM
    4     | EXPR . T_MINUS TERM
   13 FACTOR: T_LCURVE EXPR . T_RCURVE

    T_RCURVE  shift, and go to state 18
    T_PLUS    shift, and go to state 13
    T_MINUS   shift, and go to state 14


State 11

   10 UNARY: T_MINUS UNARY .

    $default  reduce using rule 10 (UNARY)


State 12

    0 $accept: ROOT $end .

    $default  accept


State 13

    3 EXPR: EXPR T_PLUS . TERM

    T_LCURVE    shift, and go to state 1
    T_MINUS     shift, and go to state 2
    T_VARIABLE  shift, and go to state 3
    T_NUMBER    shift, and go to state 4

    TERM    go to state 19
    UNARY   go to state 8
    FACTOR  go to state 9


State 14

    4 EXPR: EXPR T_MINUS . TERM

    T_LCURVE    shift, and go to state 1
    T_MINUS     shift, and go to state 2
    T_VARIABLE  shift, and go to state 3
    T_NUMBER    shift, and go to state 4

    TERM    go to state 20
    UNARY   go to state 8
    FACTOR  go to state 9


State 15

    6 TERM: TERM T_TIMES . UNARY

    T_LCURVE    shift, and go to state 1
    T_MINUS     shift, and go to state 2
    T_VARIABLE  shift, and go to state 3
    T_NUMBER    shift, and go to state 4

    UNARY   go to state 21
    FACTOR  go to state 9


State 16

    7 TERM: TERM T_DIVIDE . UNARY

    T_LCURVE    shift, and go to state 1
    T_MINUS     shift, and go to state 2
    T_VARIABLE  shift, and go to state 3
    T_NUMBER    shift, and go to state 4

    UNARY   go to state 22
    FACTOR  go to state 9


State 17

    8 TERM: TERM T_MOD . UNARY

    T_LCURVE    shift, and go to state 1
    T_MINUS     shift, and go to state 2
    T_VARIABLE  shift, and go to state 3
    T_NUMBER    shift, and go to state 4

    UNARY   go to state 23
    FACTOR  go to state 9


State 18

   13 FACTOR: T_LCURVE EXPR T_RCURVE .

    $default  reduce using rule 13 (FACTOR)


State 19

    3 EXPR: EXPR T_PLUS TERM .
    6 TERM: TERM . T_TIMES UNARY
    7     | TERM . T_DIVIDE UNARY
    8     | TERM . T_MOD UNARY

    T_TIMES   shift, and go to state 15
    T_DIVIDE  shift, and go to state 16
    T_MOD     shift, and go to state 17

    $default  reduce using rule 3 (EXPR)


State 20

    4 EXPR: EXPR T_MINUS TERM .
    6 TERM: TERM . T_TIMES UNARY
    7     | TERM . T_DIVIDE UNARY
    8     | TERM . T_MOD UNARY

    T_TIMES   shift, and go to state 15
    T_DIVIDE  shift, and go to state 16
    T_MOD     shift, and go to state 17

    $default  reduce using rule 4 (EXPR)


State 21

    6 TERM: TERM T_TIMES UNARY .

    $default  reduce using rule 6 (TERM)


State 22

    7 TERM: TERM T_DIVIDE UNARY .

    $default  reduce using rule 7 (TERM)


State 23

    8 TERM: TERM T_MOD UNARY .

    $default  reduce using rule 8 (TERM)
